/usr/bin/bashtop: line 451: ((: <80 | <25: syntax error: operand expected (error token is "<80 | <25")
stty: 'standard input': Inappropriate ioctl for device
stty: 'standard input': Inappropriate ioctl for device
/usr/bin/bashtop: line 451: ((: <80 | <25: syntax error: operand expected (error token is "<80 | <25")
stty: 'standard input': Inappropriate ioctl for device
stty: 'standard input': Inappropriate ioctl for device
/usr/bin/bashtop: line 451: ((: <80 | <25: syntax error: operand expected (error token is "<80 | <25")
stty: 'standard input': Inappropriate ioctl for device
stty: 'standard input': Inappropriate ioctl for device
/usr/bin/bashtop: line 451: ((: <80 | <25: syntax error: operand expected (error token is "<80 | <25")
stty: 'standard input': Inappropriate ioctl for device
stty: 'standard input': Inappropriate ioctl for device
/usr/bin/bashtop: line 451: ((: <80 | <25: syntax error: operand expected (error token is "<80 | <25")
stty: 'standard input': Inappropriate ioctl for device
stty: 'standard input': Inappropriate ioctl for device
/usr/bin/bashtop: line 451: ((: <80 | <25: syntax error: operand expected (error token is "<80 | <25")
/usr/bin/bashtop: line 929: net_history_upload: bad array subscript
22:05:16 ERROR: On line 1239 
stty: 'standard input': Inappropriate ioctl for device
stty: 'standard input': Inappropriate ioctl for device
/usr/bin/bashtop: line 451: ((: <80 | <25: syntax error: operand expected (error token is "<80 | <25")
stty: 'standard input': Inappropriate ioctl for device
stty: 'standard input': Inappropriate ioctl for device
/usr/bin/bashtop: line 451: ((: <80 | <25: syntax error: operand expected (error token is "<80 | <25")
stty: 'standard input': Inappropriate ioctl for device
stty: 'standard input': Inappropriate ioctl for device
/usr/bin/bashtop: line 451: ((: <80 | <25: syntax error: operand expected (error token is "<80 | <25")
stty: 'standard input': Inappropriate ioctl for device
stty: 'standard input': Inappropriate ioctl for device
/usr/bin/bashtop: line 451: ((: <80 | <25: syntax error: operand expected (error token is "<80 | <25")
stty: 'standard input': Inappropriate ioctl for device
stty: 'standard input': Inappropriate ioctl for device
/usr/bin/bashtop: line 451: ((: <80 | <25: syntax error: operand expected (error token is "<80 | <25")
stty: 'standard input': Inappropriate ioctl for device
stty: 'standard input': Inappropriate ioctl for device
/usr/bin/bashtop: line 451: ((: <80 | <25: syntax error: operand expected (error token is "<80 | <25")
stty: 'standard input': Inappropriate ioctl for device
stty: 'standard input': Inappropriate ioctl for device
/usr/bin/bashtop: line 451: ((: <80 | <25: syntax error: operand expected (error token is "<80 | <25")
stty: 'standard input': Inappropriate ioctl for device
stty: 'standard input': Inappropriate ioctl for device
/usr/bin/bashtop: line 451: ((: <80 | <25: syntax error: operand expected (error token is "<80 | <25")
stty: 'standard input': Inappropriate ioctl for device
stty: 'standard input': Inappropriate ioctl for device
/usr/bin/bashtop: line 451: ((: <80 | <25: syntax error: operand expected (error token is "<80 | <25")
stty: 'standard input': Inappropriate ioctl for device
stty: 'standard input': Inappropriate ioctl for device
/usr/bin/bashtop: line 451: ((: <80 | <25: syntax error: operand expected (error token is "<80 | <25")
stty: 'standard input': Inappropriate ioctl for device
stty: 'standard input': Inappropriate ioctl for device
/usr/bin/bashtop: line 451: ((: <80 | <25: syntax error: operand expected (error token is "<80 | <25")
/usr/bin/bashtop: line 929: net_history_upload: bad array subscript
22:05:19 ERROR: On line 1239 (MUTED!)
stty: 'standard input': Inappropriate ioctl for device
stty: 'standard input': Inappropriate ioctl for device
/usr/bin/bashtop: line 451: ((: <80 | <25: syntax error: operand expected (error token is "<80 | <25")
stty: 'standard input': Inappropriate ioctl for device
stty: 'standard input': Inappropriate ioctl for device
/usr/bin/bashtop: line 451: ((: <80 | <25: syntax error: operand expected (error token is "<80 | <25")
stty: 'standard input': Inappropriate ioctl for device
stty: 'standard input': Inappropriate ioctl for device
/usr/bin/bashtop: line 451: ((: <80 | <25: syntax error: operand expected (error token is "<80 | <25")
stty: 'standard input': Inappropriate ioctl for device
stty: 'standard input': Inappropriate ioctl for device
/usr/bin/bashtop: line 451: ((: <80 | <25: syntax error: operand expected (error token is "<80 | <25")
stty: 'standard input': Inappropriate ioctl for device
stty: 'standard input': Inappropriate ioctl for device
/usr/bin/bashtop: line 451: ((: <80 | <25: syntax error: operand expected (error token is "<80 | <25")
stty: 'standard input': Inappropriate ioctl for device
stty: 'standard input': Inappropriate ioctl for device
/usr/bin/bashtop: line 451: ((: <80 | <25: syntax error: operand expected (error token is "<80 | <25")
stty: 'standard input': Inappropriate ioctl for device
stty: 'standard input': Inappropriate ioctl for device
/usr/bin/bashtop: line 451: ((: <80 | <25: syntax error: operand expected (error token is "<80 | <25")
stty: 'standard input': Inappropriate ioctl for device
stty: 'standard input': Inappropriate ioctl for device
/usr/bin/bashtop: line 451: ((: <80 | <25: syntax error: operand expected (error token is "<80 | <25")
stty: 'standard input': Inappropriate ioctl for device
stty: 'standard input': Inappropriate ioctl for device
/usr/bin/bashtop: line 451: ((: <80 | <25: syntax error: operand expected (error token is "<80 | <25")
stty: 'standard input': Inappropriate ioctl for device
stty: 'standard input': Inappropriate ioctl for device
/usr/bin/bashtop: line 451: ((: <80 | <25: syntax error: operand expected (error token is "<80 | <25")
df: /run/user/1000/doc: Operation not permitted
22:05:22 ERROR: On line 1473 
stty: 'standard input': Inappropriate ioctl for device
stty: 'standard input': Inappropriate ioctl for device
/usr/bin/bashtop: line 451: ((: <80 | <25: syntax error: operand expected (error token is "<80 | <25")
stty: 'standard input': Inappropriate ioctl for device
stty: 'standard input': Inappropriate ioctl for device
/usr/bin/bashtop: line 451: ((: <80 | <25: syntax error: operand expected (error token is "<80 | <25")
stty: 'standard input': Inappropriate ioctl for device
stty: 'standard input': Inappropriate ioctl for device
/usr/bin/bashtop: line 451: ((: <80 | <25: syntax error: operand expected (error token is "<80 | <25")
stty: 'standard input': Inappropriate ioctl for device
stty: 'standard input': Inappropriate ioctl for device
/usr/bin/bashtop: line 451: ((: <80 | <25: syntax error: operand expected (error token is "<80 | <25")
stty: 'standard input': Inappropriate ioctl for device
stty: 'standard input': Inappropriate ioctl for device
/usr/bin/bashtop: line 451: ((: <80 | <25: syntax error: operand expected (error token is "<80 | <25")
stty: 'standard input': Inappropriate ioctl for device
stty: 'standard input': Inappropriate ioctl for device
/usr/bin/bashtop: line 451: ((: <80 | <25: syntax error: operand expected (error token is "<80 | <25")
stty: 'standard input': Inappropriate ioctl for device
stty: 'standard input': Inappropriate ioctl for device
/usr/bin/bashtop: line 451: ((: <80 | <25: syntax error: operand expected (error token is "<80 | <25")
stty: 'standard input': Inappropriate ioctl for device
stty: 'standard input': Inappropriate ioctl for device
/usr/bin/bashtop: line 451: ((: <80 | <25: syntax error: operand expected (error token is "<80 | <25")
stty: 'standard input': Inappropriate ioctl for device
stty: 'standard input': Inappropriate ioctl for device
/usr/bin/bashtop: line 451: ((: <80 | <25: syntax error: operand expected (error token is "<80 | <25")
stty: 'standard input': Inappropriate ioctl for device
stty: 'standard input': Inappropriate ioctl for device
/usr/bin/bashtop: line 451: ((: <80 | <25: syntax error: operand expected (error token is "<80 | <25")
stty: 'standard input': Inappropriate ioctl for device
stty: 'standard input': Inappropriate ioctl for device
/usr/bin/bashtop: line 451: ((: <80 | <25: syntax error: operand expected (error token is "<80 | <25")
stty: 'standard input': Inappropriate ioctl for device
stty: 'standard input': Inappropriate ioctl for device
/usr/bin/bashtop: line 451: ((: <80 | <25: syntax error: operand expected (error token is "<80 | <25")
stty: 'standard input': Inappropriate ioctl for device
stty: 'standard input': Inappropriate ioctl for device
/usr/bin/bashtop: line 451: ((: <80 | <25: syntax error: operand expected (error token is "<80 | <25")
stty: 'standard input': Inappropriate ioctl for device
stty: 'standard input': Inappropriate ioctl for device
/usr/bin/bashtop: line 451: ((: <80 | <25: syntax error: operand expected (error token is "<80 | <25")
stty: 'standard input': Inappropriate ioctl for device
stty: 'standard input': Inappropriate ioctl for device
/usr/bin/bashtop: line 451: ((: <80 | <25: syntax error: operand expected (error token is "<80 | <25")
stty: 'standard input': Inappropriate ioctl for device
stty: 'standard input': Inappropriate ioctl for device
/usr/bin/bashtop: line 451: ((: <80 | <25: syntax error: operand expected (error token is "<80 | <25")
stty: 'standard input': Inappropriate ioctl for device
stty: 'standard input': Inappropriate ioctl for device
/usr/bin/bashtop: line 451: ((: <80 | <25: syntax error: operand expected (error token is "<80 | <25")
stty: 'standard input': Inappropriate ioctl for device
stty: 'standard input': Inappropriate ioctl for device
/usr/bin/bashtop: line 451: ((: <80 | <25: syntax error: operand expected (error token is "<80 | <25")
stty: 'standard input': Inappropriate ioctl for device
stty: 'standard input': Inappropriate ioctl for device
/usr/bin/bashtop: line 451: ((: <80 | <25: syntax error: operand expected (error token is "<80 | <25")
stty: 'standard input': Inappropriate ioctl for device
stty: 'standard input': Inappropriate ioctl for device
/usr/bin/bashtop: line 451: ((: <80 | <25: syntax error: operand expected (error token is "<80 | <25")
stty: 'standard input': Inappropriate ioctl for device
stty: 'standard input': Inappropriate ioctl for device
/usr/bin/bashtop: line 451: ((: <80 | <25: syntax error: operand expected (error token is "<80 | <25")
stty: 'standard input': Inappropriate ioctl for device
stty: 'standard input': Inappropriate ioctl for device
/usr/bin/bashtop: line 451: ((: <80 | <25: syntax error: operand expected (error token is "<80 | <25")
stty: 'standard input': Inappropriate ioctl for device
stty: 'standard input': Inappropriate ioctl for device
/usr/bin/bashtop: line 451: ((: <80 | <25: syntax error: operand expected (error token is "<80 | <25")
/usr/bin/bashtop: line 929: net_history_upload: bad array subscript
stty: 'standard input': Inappropriate ioctl for device
stty: 'standard input': Inappropriate ioctl for device
/usr/bin/bashtop: line 451: ((: <80 | <25: syntax error: operand expected (error token is "<80 | <25")
stty: 'standard input': Inappropriate ioctl for device
stty: 'standard input': Inappropriate ioctl for device
/usr/bin/bashtop: line 451: ((: <80 | <25: syntax error: operand expected (error token is "<80 | <25")
stty: 'standard input': Inappropriate ioctl for device
stty: 'standard input': Inappropriate ioctl for device
/usr/bin/bashtop: line 451: ((: <80 | <25: syntax error: operand expected (error token is "<80 | <25")
stty: 'standard input': Inappropriate ioctl for device
stty: 'standard input': Inappropriate ioctl for device
/usr/bin/bashtop: line 451: ((: <80 | <25: syntax error: operand expected (error token is "<80 | <25")
stty: 'standard input': Inappropriate ioctl for device
stty: 'standard input': Inappropriate ioctl for device
/usr/bin/bashtop: line 451: ((: <80 | <25: syntax error: operand expected (error token is "<80 | <25")
stty: 'standard input': Inappropriate ioctl for device
stty: 'standard input': Inappropriate ioctl for device
/usr/bin/bashtop: line 451: ((: <80 | <25: syntax error: operand expected (error token is "<80 | <25")
stty: 'standard input': Inappropriate ioctl for device
stty: 'standard input': Inappropriate ioctl for device
/usr/bin/bashtop: line 451: ((: <80 | <25: syntax error: operand expected (error token is "<80 | <25")
stty: 'standard input': Inappropriate ioctl for device
stty: 'standard input': Inappropriate ioctl for device
/usr/bin/bashtop: line 451: ((: <80 | <25: syntax error: operand expected (error token is "<80 | <25")
stty: 'standard input': Inappropriate ioctl for device
stty: 'standard input': Inappropriate ioctl for device
/usr/bin/bashtop: line 451: ((: <80 | <25: syntax error: operand expected (error token is "<80 | <25")
stty: 'standard input': Inappropriate ioctl for device
stty: 'standard input': Inappropriate ioctl for device
/usr/bin/bashtop: line 451: ((: <80 | <25: syntax error: operand expected (error token is "<80 | <25")
/usr/bin/bashtop: line 929: net_history_upload: bad array subscript
stty: 'standard input': Inappropriate ioctl for device
stty: 'standard input': Inappropriate ioctl for device
/usr/bin/bashtop: line 451: ((: <80 | <25: syntax error: operand expected (error token is "<80 | <25")
stty: 'standard input': Inappropriate ioctl for device
stty: 'standard input': Inappropriate ioctl for device
/usr/bin/bashtop: line 451: ((: <80 | <25: syntax error: operand expected (error token is "<80 | <25")
stty: 'standard input': Inappropriate ioctl for device
stty: 'standard input': Inappropriate ioctl for device
/usr/bin/bashtop: line 451: ((: <80 | <25: syntax error: operand expected (error token is "<80 | <25")
stty: 'standard input': Inappropriate ioctl for device
stty: 'standard input': Inappropriate ioctl for device
/usr/bin/bashtop: line 451: ((: <80 | <25: syntax error: operand expected (error token is "<80 | <25")
stty: 'standard input': Inappropriate ioctl for device
stty: 'standard input': Inappropriate ioctl for device
/usr/bin/bashtop: line 451: ((: <80 | <25: syntax error: operand expected (error token is "<80 | <25")
stty: 'standard input': Inappropriate ioctl for device
stty: 'standard input': Inappropriate ioctl for device
/usr/bin/bashtop: line 451: ((: <80 | <25: syntax error: operand expected (error token is "<80 | <25")
stty: 'standard input': Inappropriate ioctl for device
stty: 'standard input': Inappropriate ioctl for device
/usr/bin/bashtop: line 451: ((: <80 | <25: syntax error: operand expected (error token is "<80 | <25")
stty: 'standard input': Inappropriate ioctl for device
stty: 'standard input': Inappropriate ioctl for device
/usr/bin/bashtop: line 451: ((: <80 | <25: syntax error: operand expected (error token is "<80 | <25")
stty: 'standard input': Inappropriate ioctl for device
stty: 'standard input': Inappropriate ioctl for device
/usr/bin/bashtop: line 451: ((: <80 | <25: syntax error: operand expected (error token is "<80 | <25")
stty: 'standard input': Inappropriate ioctl for device
stty: 'standard input': Inappropriate ioctl for device
/usr/bin/bashtop: line 451: ((: <80 | <25: syntax error: operand expected (error token is "<80 | <25")
/usr/bin/bashtop: line 929: net_history_upload: bad array subscript
stty: 'standard input': Inappropriate ioctl for device
stty: 'standard input': Inappropriate ioctl for device
/usr/bin/bashtop: line 451: ((: <80 | <25: syntax error: operand expected (error token is "<80 | <25")
stty: 'standard input': Inappropriate ioctl for device
stty: 'standard input': Inappropriate ioctl for device
/usr/bin/bashtop: line 451: ((: <80 | <25: syntax error: operand expected (error token is "<80 | <25")
stty: 'standard input': Inappropriate ioctl for device
stty: 'standard input': Inappropriate ioctl for device
/usr/bin/bashtop: line 451: ((: <80 | <25: syntax error: operand expected (error token is "<80 | <25")
stty: 'standard input': Inappropriate ioctl for device
stty: 'standard input': Inappropriate ioctl for device
/usr/bin/bashtop: line 451: ((: <80 | <25: syntax error: operand expected (error token is "<80 | <25")
stty: 'standard input': Inappropriate ioctl for device
stty: 'standard input': Inappropriate ioctl for device
/usr/bin/bashtop: line 451: ((: <80 | <25: syntax error: operand expected (error token is "<80 | <25")
stty: 'standard input': Inappropriate ioctl for device
stty: 'standard input': Inappropriate ioctl for device
/usr/bin/bashtop: line 451: ((: <80 | <25: syntax error: operand expected (error token is "<80 | <25")
stty: 'standard input': Inappropriate ioctl for device
stty: 'standard input': Inappropriate ioctl for device
/usr/bin/bashtop: line 451: ((: <80 | <25: syntax error: operand expected (error token is "<80 | <25")
stty: 'standard input': Inappropriate ioctl for device
stty: 'standard input': Inappropriate ioctl for device
/usr/bin/bashtop: line 451: ((: <80 | <25: syntax error: operand expected (error token is "<80 | <25")
stty: 'standard input': Inappropriate ioctl for device
stty: 'standard input': Inappropriate ioctl for device
/usr/bin/bashtop: line 451: ((: <80 | <25: syntax error: operand expected (error token is "<80 | <25")
stty: 'standard input': Inappropriate ioctl for device
stty: 'standard input': Inappropriate ioctl for device
/usr/bin/bashtop: line 451: ((: <80 | <25: syntax error: operand expected (error token is "<80 | <25")
stty: 'standard input': Inappropriate ioctl for device
stty: 'standard input': Inappropriate ioctl for device
/usr/bin/bashtop: line 451: ((: <80 | <25: syntax error: operand expected (error token is "<80 | <25")
df: /run/user/1000/doc: Operation not permitted
22:05:35 ERROR: On line 1473 
stty: 'standard input': Inappropriate ioctl for device
stty: 'standard input': Inappropriate ioctl for device
/usr/bin/bashtop: line 451: ((: <80 | <25: syntax error: operand expected (error token is "<80 | <25")
/usr/bin/bashtop: line 929: net_history_upload: bad array subscript
stty: 'standard input': Inappropriate ioctl for device
stty: 'standard input': Inappropriate ioctl for device
/usr/bin/bashtop: line 451: ((: <80 | <25: syntax error: operand expected (error token is "<80 | <25")
stty: 'standard input': Inappropriate ioctl for device
stty: 'standard input': Inappropriate ioctl for device
/usr/bin/bashtop: line 451: ((: <80 | <25: syntax error: operand expected (error token is "<80 | <25")
stty: 'standard input': Inappropriate ioctl for device
stty: 'standard input': Inappropriate ioctl for device
/usr/bin/bashtop: line 451: ((: <80 | <25: syntax error: operand expected (error token is "<80 | <25")
stty: 'standard input': Inappropriate ioctl for device
stty: 'standard input': Inappropriate ioctl for device
/usr/bin/bashtop: line 451: ((: <80 | <25: syntax error: operand expected (error token is "<80 | <25")
stty: 'standard input': Inappropriate ioctl for device
stty: 'standard input': Inappropriate ioctl for device
/usr/bin/bashtop: line 451: ((: <80 | <25: syntax error: operand expected (error token is "<80 | <25")
stty: 'standard input': Inappropriate ioctl for device
stty: 'standard input': Inappropriate ioctl for device
/usr/bin/bashtop: line 451: ((: <80 | <25: syntax error: operand expected (error token is "<80 | <25")
stty: 'standard input': Inappropriate ioctl for device
stty: 'standard input': Inappropriate ioctl for device
/usr/bin/bashtop: line 451: ((: <80 | <25: syntax error: operand expected (error token is "<80 | <25")
stty: 'standard input': Inappropriate ioctl for device
stty: 'standard input': Inappropriate ioctl for device
/usr/bin/bashtop: line 451: ((: <80 | <25: syntax error: operand expected (error token is "<80 | <25")
stty: 'standard input': Inappropriate ioctl for device
stty: 'standard input': Inappropriate ioctl for device
/usr/bin/bashtop: line 451: ((: <80 | <25: syntax error: operand expected (error token is "<80 | <25")
/usr/bin/bashtop: line 929: net_history_upload: bad array subscript
stty: 'standard input': Inappropriate ioctl for device
stty: 'standard input': Inappropriate ioctl for device
/usr/bin/bashtop: line 451: ((: <80 | <25: syntax error: operand expected (error token is "<80 | <25")
stty: 'standard input': Inappropriate ioctl for device
stty: 'standard input': Inappropriate ioctl for device
/usr/bin/bashtop: line 451: ((: <80 | <25: syntax error: operand expected (error token is "<80 | <25")
stty: 'standard input': Inappropriate ioctl for device
stty: 'standard input': Inappropriate ioctl for device
/usr/bin/bashtop: line 451: ((: <80 | <25: syntax error: operand expected (error token is "<80 | <25")
stty: 'standard input': Inappropriate ioctl for device
stty: 'standard input': Inappropriate ioctl for device
/usr/bin/bashtop: line 451: ((: <80 | <25: syntax error: operand expected (error token is "<80 | <25")
stty: 'standard input': Inappropriate ioctl for device
stty: 'standard input': Inappropriate ioctl for device
/usr/bin/bashtop: line 451: ((: <80 | <25: syntax error: operand expected (error token is "<80 | <25")
stty: 'standard input': Inappropriate ioctl for device
stty: 'standard input': Inappropriate ioctl for device
/usr/bin/bashtop: line 451: ((: <80 | <25: syntax error: operand expected (error token is "<80 | <25")
stty: 'standard input': Inappropriate ioctl for device
stty: 'standard input': Inappropriate ioctl for device
/usr/bin/bashtop: line 451: ((: <80 | <25: syntax error: operand expected (error token is "<80 | <25")
stty: 'standard input': Inappropriate ioctl for device
stty: 'standard input': Inappropriate ioctl for device
/usr/bin/bashtop: line 451: ((: <80 | <25: syntax error: operand expected (error token is "<80 | <25")
stty: 'standard input': Inappropriate ioctl for device
stty: 'standard input': Inappropriate ioctl for device
/usr/bin/bashtop: line 451: ((: <80 | <25: syntax error: operand expected (error token is "<80 | <25")
stty: 'standard input': Inappropriate ioctl for device
stty: 'standard input': Inappropriate ioctl for device
/usr/bin/bashtop: line 451: ((: <80 | <25: syntax error: operand expected (error token is "<80 | <25")
stty: 'standard input': Inappropriate ioctl for device
stty: 'standard input': Inappropriate ioctl for device
/usr/bin/bashtop: line 451: ((: <80 | <25: syntax error: operand expected (error token is "<80 | <25")
/usr/bin/bashtop: line 929: net_history_upload: bad array subscript
stty: 'standard input': Inappropriate ioctl for device
stty: 'standard input': Inappropriate ioctl for device
/usr/bin/bashtop: line 451: ((: <80 | <25: syntax error: operand expected (error token is "<80 | <25")
stty: 'standard input': Inappropriate ioctl for device
stty: 'standard input': Inappropriate ioctl for device
/usr/bin/bashtop: line 451: ((: <80 | <25: syntax error: operand expected (error token is "<80 | <25")
stty: 'standard input': Inappropriate ioctl for device
stty: 'standard input': Inappropriate ioctl for device
/usr/bin/bashtop: line 451: ((: <80 | <25: syntax error: operand expected (error token is "<80 | <25")
stty: 'standard input': Inappropriate ioctl for device
stty: 'standard input': Inappropriate ioctl for device
/usr/bin/bashtop: line 451: ((: <80 | <25: syntax error: operand expected (error token is "<80 | <25")
stty: 'standard input': Inappropriate ioctl for device
stty: 'standard input': Inappropriate ioctl for device
/usr/bin/bashtop: line 451: ((: <80 | <25: syntax error: operand expected (error token is "<80 | <25")
stty: 'standard input': Inappropriate ioctl for device
stty: 'standard input': Inappropriate ioctl for device
/usr/bin/bashtop: line 451: ((: <80 | <25: syntax error: operand expected (error token is "<80 | <25")
stty: 'standard input': Inappropriate ioctl for device
stty: 'standard input': Inappropriate ioctl for device
/usr/bin/bashtop: line 451: ((: <80 | <25: syntax error: operand expected (error token is "<80 | <25")
stty: 'standard input': Inappropriate ioctl for device
stty: 'standard input': Inappropriate ioctl for device
/usr/bin/bashtop: line 451: ((: <80 | <25: syntax error: operand expected (error token is "<80 | <25")
stty: 'standard input': Inappropriate ioctl for device
stty: 'standard input': Inappropriate ioctl for device
/usr/bin/bashtop: line 451: ((: <80 | <25: syntax error: operand expected (error token is "<80 | <25")
stty: 'standard input': Inappropriate ioctl for device
stty: 'standard input': Inappropriate ioctl for device
/usr/bin/bashtop: line 451: ((: <80 | <25: syntax error: operand expected (error token is "<80 | <25")
/usr/bin/bashtop: line 929: net_history_upload: bad array subscript
stty: 'standard input': Inappropriate ioctl for device
stty: 'standard input': Inappropriate ioctl for device
/usr/bin/bashtop: line 451: ((: <80 | <25: syntax error: operand expected (error token is "<80 | <25")
stty: 'standard input': Inappropriate ioctl for device
stty: 'standard input': Inappropriate ioctl for device
/usr/bin/bashtop: line 451: ((: <80 | <25: syntax error: operand expected (error token is "<80 | <25")
stty: 'standard input': Inappropriate ioctl for device
stty: 'standard input': Inappropriate ioctl for device
/usr/bin/bashtop: line 451: ((: <80 | <25: syntax error: operand expected (error token is "<80 | <25")
stty: 'standard input': Inappropriate ioctl for device
stty: 'standard input': Inappropriate ioctl for device
/usr/bin/bashtop: line 451: ((: <80 | <25: syntax error: operand expected (error token is "<80 | <25")
stty: 'standard input': Inappropriate ioctl for device
stty: 'standard input': Inappropriate ioctl for device
/usr/bin/bashtop: line 451: ((: <80 | <25: syntax error: operand expected (error token is "<80 | <25")
stty: 'standard input': Inappropriate ioctl for device
stty: 'standard input': Inappropriate ioctl for device
/usr/bin/bashtop: line 451: ((: <80 | <25: syntax error: operand expected (error token is "<80 | <25")
stty: 'standard input': Inappropriate ioctl for device
stty: 'standard input': Inappropriate ioctl for device
/usr/bin/bashtop: line 451: ((: <80 | <25: syntax error: operand expected (error token is "<80 | <25")
stty: 'standard input': Inappropriate ioctl for device
stty: 'standard input': Inappropriate ioctl for device
/usr/bin/bashtop: line 451: ((: <80 | <25: syntax error: operand expected (error token is "<80 | <25")
stty: 'standard input': Inappropriate ioctl for device
stty: 'standard input': Inappropriate ioctl for device
/usr/bin/bashtop: line 451: ((: <80 | <25: syntax error: operand expected (error token is "<80 | <25")
stty: 'standard input': Inappropriate ioctl for device
stty: 'standard input': Inappropriate ioctl for device
/usr/bin/bashtop: line 451: ((: <80 | <25: syntax error: operand expected (error token is "<80 | <25")
/usr/bin/bashtop: line 929: net_history_upload: bad array subscript
stty: 'standard input': Inappropriate ioctl for device
stty: 'standard input': Inappropriate ioctl for device
/usr/bin/bashtop: line 451: ((: <80 | <25: syntax error: operand expected (error token is "<80 | <25")
stty: 'standard input': Inappropriate ioctl for device
stty: 'standard input': Inappropriate ioctl for device
/usr/bin/bashtop: line 451: ((: <80 | <25: syntax error: operand expected (error token is "<80 | <25")
stty: 'standard input': Inappropriate ioctl for device
stty: 'standard input': Inappropriate ioctl for device
/usr/bin/bashtop: line 451: ((: <80 | <25: syntax error: operand expected (error token is "<80 | <25")
stty: 'standard input': Inappropriate ioctl for device
stty: 'standard input': Inappropriate ioctl for device
/usr/bin/bashtop: line 451: ((: <80 | <25: syntax error: operand expected (error token is "<80 | <25")
stty: 'standard input': Inappropriate ioctl for device
stty: 'standard input': Inappropriate ioctl for device
/usr/bin/bashtop: line 451: ((: <80 | <25: syntax error: operand expected (error token is "<80 | <25")
stty: 'standard input': Inappropriate ioctl for device
stty: 'standard input': Inappropriate ioctl for device
/usr/bin/bashtop: line 451: ((: <80 | <25: syntax error: operand expected (error token is "<80 | <25")
stty: 'standard input': Inappropriate ioctl for device
stty: 'standard input': Inappropriate ioctl for device
/usr/bin/bashtop: line 451: ((: <80 | <25: syntax error: operand expected (error token is "<80 | <25")
stty: 'standard input': Inappropriate ioctl for device
stty: 'standard input': Inappropriate ioctl for device
/usr/bin/bashtop: line 451: ((: <80 | <25: syntax error: operand expected (error token is "<80 | <25")
stty: 'standard input': Inappropriate ioctl for device
stty: 'standard input': Inappropriate ioctl for device
/usr/bin/bashtop: line 451: ((: <80 | <25: syntax error: operand expected (error token is "<80 | <25")
stty: 'standard input': Inappropriate ioctl for device
stty: 'standard input': Inappropriate ioctl for device
/usr/bin/bashtop: line 451: ((: <80 | <25: syntax error: operand expected (error token is "<80 | <25")
stty: 'standard input': Inappropriate ioctl for device
stty: df: 'standard input'/run/user/1000/doc: Inappropriate ioctl for device
: Operation not permitted
/usr/bin/bashtop: line 451: ((: <80 | <25: syntax error: operand expected (error token is "<80 | <25")
22:05:47 ERROR: On line 1473 
stty: 'standard input': Inappropriate ioctl for device
stty: 'standard input': Inappropriate ioctl for device
/usr/bin/bashtop: line 451: ((: <80 | <25: syntax error: operand expected (error token is "<80 | <25")
/usr/bin/bashtop: line 929: net_history_upload: bad array subscript
stty: 'standard input': Inappropriate ioctl for device
stty: 'standard input': Inappropriate ioctl for device
/usr/bin/bashtop: line 451: ((: <80 | <25: syntax error: operand expected (error token is "<80 | <25")
stty: 'standard input': Inappropriate ioctl for device
stty: 'standard input': Inappropriate ioctl for device
/usr/bin/bashtop: line 451: ((: <80 | <25: syntax error: operand expected (error token is "<80 | <25")
stty: 'standard input': Inappropriate ioctl for device
stty: 'standard input': Inappropriate ioctl for device
/usr/bin/bashtop: line 451: ((: <80 | <25: syntax error: operand expected (error token is "<80 | <25")
stty: 'standard input': Inappropriate ioctl for device
stty: 'standard input': Inappropriate ioctl for device
/usr/bin/bashtop: line 451: ((: <80 | <25: syntax error: operand expected (error token is "<80 | <25")
stty: 'standard input': Inappropriate ioctl for device
stty: 'standard input': Inappropriate ioctl for device
/usr/bin/bashtop: line 451: ((: <80 | <25: syntax error: operand expected (error token is "<80 | <25")
stty: 'standard input': Inappropriate ioctl for device
stty: 'standard input': Inappropriate ioctl for device
/usr/bin/bashtop: line 451: ((: <80 | <25: syntax error: operand expected (error token is "<80 | <25")
stty: 'standard input': Inappropriate ioctl for device
stty: 'standard input': Inappropriate ioctl for device
/usr/bin/bashtop: line 451: ((: <80 | <25: syntax error: operand expected (error token is "<80 | <25")
stty: 'standard input': Inappropriate ioctl for device
stty: 'standard input': Inappropriate ioctl for device
/usr/bin/bashtop: line 451: ((: <80 | <25: syntax error: operand expected (error token is "<80 | <25")
stty: 'standard input': Inappropriate ioctl for device
stty: 'standard input': Inappropriate ioctl for device
/usr/bin/bashtop: line 451: ((: <80 | <25: syntax error: operand expected (error token is "<80 | <25")
/usr/bin/bashtop: line 929: net_history_upload: bad array subscript
stty: 'standard input': Inappropriate ioctl for device
stty: 'standard input': Inappropriate ioctl for device
/usr/bin/bashtop: line 451: ((: <80 | <25: syntax error: operand expected (error token is "<80 | <25")
stty: 'standard input': Inappropriate ioctl for device
stty: 'standard input': Inappropriate ioctl for device
/usr/bin/bashtop: line 451: ((: <80 | <25: syntax error: operand expected (error token is "<80 | <25")
stty: 'standard input': Inappropriate ioctl for device
stty: 'standard input': Inappropriate ioctl for device
/usr/bin/bashtop: line 451: ((: <80 | <25: syntax error: operand expected (error token is "<80 | <25")
stty: 'standard input': Inappropriate ioctl for device
stty: 'standard input': Inappropriate ioctl for device
/usr/bin/bashtop: line 451: ((: <80 | <25: syntax error: operand expected (error token is "<80 | <25")
stty: 'standard input': Inappropriate ioctl for device
stty: 'standard input': Inappropriate ioctl for device
/usr/bin/bashtop: line 451: ((: <80 | <25: syntax error: operand expected (error token is "<80 | <25")
stty: 'standard input': Inappropriate ioctl for device
stty: 'standard input': Inappropriate ioctl for device
/usr/bin/bashtop: line 451: ((: <80 | <25: syntax error: operand expected (error token is "<80 | <25")
stty: 'standard input': Inappropriate ioctl for device
stty: 'standard input': Inappropriate ioctl for device
/usr/bin/bashtop: line 451: ((: <80 | <25: syntax error: operand expected (error token is "<80 | <25")
stty: 'standard input': Inappropriate ioctl for device
stty: 'standard input': Inappropriate ioctl for device
/usr/bin/bashtop: line 451: ((: <80 | <25: syntax error: operand expected (error token is "<80 | <25")
stty: 'standard input': Inappropriate ioctl for device
stty: 'standard input': Inappropriate ioctl for device
/usr/bin/bashtop: line 451: ((: <80 | <25: syntax error: operand expected (error token is "<80 | <25")
stty: 'standard input': Inappropriate ioctl for device
stty: 'standard input': Inappropriate ioctl for device
/usr/bin/bashtop: line 451: ((: <80 | <25: syntax error: operand expected (error token is "<80 | <25")
/usr/bin/bashtop: line 929: net_history_upload: bad array subscript
stty: 'standard input': Inappropriate ioctl for device
stty: 'standard input': Inappropriate ioctl for device
/usr/bin/bashtop: line 451: ((: <80 | <25: syntax error: operand expected (error token is "<80 | <25")
stty: 'standard input': Inappropriate ioctl for device
stty: 'standard input': Inappropriate ioctl for device
/usr/bin/bashtop: line 451: ((: <80 | <25: syntax error: operand expected (error token is "<80 | <25")
 
New instance of bashtop version: 0.8.15 Pid: 13327
df: /run/user/1000/doc: Operation not permitted
22:05:53 ERROR: On line 1473 
RTNETLINK answers: Network is unreachable
22:05:53 ERROR: On line 215 
22:05:53 ERROR: On line 215 
/usr/bin/bashtop: line 929: net_history_upload: bad array subscript
22:05:57 ERROR: On line 1239 
/usr/bin/bashtop: line 929: net_history_upload: bad array subscript
22:06:00 ERROR: On line 1239 (MUTED!)
22:06:00 ERROR: On line 1473 
/usr/bin/bashtop: line 929: net_history_upload: bad array subscript
22:06:12 ERROR: On line 1473 
22:06:25 ERROR: On line 1473 
22:06:38 ERROR: On line 1473 
 
New instance of bashtop version: 0.8.15 Pid: 77798
df: /run/user/1000/doc: Operation not permitted
22:56:14 ERROR: On line 1473 
RTNETLINK answers: Network is unreachable
22:56:14 ERROR: On line 215 
22:56:14 ERROR: On line 215 
